This file contains any messages produced by compilers while
running configure, to aid debugging if configure makes a mistake.

It was created by geoquadtree configure 1.0.0, which was
generated by GNU Autoconf 2.59.  Invocation command line was

  $ ./configure CC=/usr/bin/gcc-4.0

## --------- ##
## Platform. ##
## --------- ##

hostname = jordi
uname -m = i686
uname -r = 2.6.17-10-generic
uname -s = Linux
uname -v = #2 SMP Fri Oct 13 18:45:35 UTC 2006

/usr/bin/uname -p = unknown
/bin/uname -X     = unknown

/bin/arch              = i686
/usr/bin/arch -k       = unknown
/usr/convex/getsysinfo = unknown
hostinfo               = unknown
/bin/machine           = unknown
/usr/bin/oslevel       = unknown
/bin/universe          = unknown

PATH: /usr/local/sbin
PATH: /usr/local/bin
PATH: /usr/sbin
PATH: /usr/bin
PATH: /sbin
PATH: /bin
PATH: /usr/bin/X11
PATH: /usr/games


## ----------- ##
## Core tests. ##
## ----------- ##

configure:1551: checking for a BSD-compatible install
configure:1606: result: /usr/bin/install -c
configure:1617: checking whether build environment is sane
configure:1660: result: yes
configure:1684: WARNING: `missing' script is too old or missing
configure:1725: checking for gawk
configure:1754: result: no
configure:1725: checking for mawk
configure:1741: found /usr/bin/mawk
configure:1751: result: mawk
configure:1761: checking whether make sets $(MAKE)
configure:1781: result: yes
configure:2060: checking build system type
configure:2078: result: i686-pc-linux-gnu
configure:2086: checking host system type
configure:2100: result: i686-pc-linux-gnu
configure:2120: checking for style of include used by make
configure:2148: result: GNU
configure:2219: checking for gcc
configure:2245: result: /usr/bin/gcc-4.0
configure:2489: checking for C compiler version
configure:2492: /usr/bin/gcc-4.0 --version </dev/null >&5
gcc-4.0 (GCC) 4.0.4 20060630 (prerelease) (Ubuntu 4.0.3-4)
Copyright (C) 2006 Free Software Foundation, Inc.
This is free software; see the source for copying conditions.  There is NO
warranty; not even for MERCHANTABILITY or FITNESS FOR A PARTICULAR PURPOSE.

configure:2495: $? = 0
configure:2497: /usr/bin/gcc-4.0 -v </dev/null >&5
Using built-in specs.
Target: i486-linux-gnu
Configured with: ../src/configure -v --enable-languages=c,c++,java,f95 --prefix=/usr --enable-shared --with-system-zlib --libexecdir=/usr/lib --without-included-gettext --enable-threads=posix --enable-nls --program-suffix=-4.0 --enable-__cxa_atexit --enable-clocale=gnu --enable-libstdcxx-debug --enable-java-awt=gtk-default --enable-gtk-cairo --with-java-home=/usr/lib/jvm/java-1.4.2-gcj-4.0-1.4.2.0/jre --enable-mpfr --with-tune=pentium4 --enable-checking=release i486-linux-gnu
Thread model: posix
gcc version 4.0.4 20060630 (prerelease) (Ubuntu 4.0.3-4)
configure:2500: $? = 0
configure:2502: /usr/bin/gcc-4.0 -V </dev/null >&5
gcc-4.0: '-V' option must have argument
configure:2505: $? = 1
configure:2528: checking for C compiler default output file name
configure:2531: /usr/bin/gcc-4.0    conftest.c  >&5
configure:2534: $? = 0
configure:2580: result: a.out
configure:2585: checking whether the C compiler works
configure:2591: ./a.out
configure:2594: $? = 0
configure:2611: result: yes
configure:2618: checking whether we are cross compiling
configure:2620: result: no
configure:2623: checking for suffix of executables
configure:2625: /usr/bin/gcc-4.0 -o conftest    conftest.c  >&5
configure:2628: $? = 0
configure:2653: result: 
configure:2659: checking for suffix of object files
configure:2680: /usr/bin/gcc-4.0 -c   conftest.c >&5
configure:2683: $? = 0
configure:2705: result: o
configure:2709: checking whether we are using the GNU C compiler
configure:2733: /usr/bin/gcc-4.0 -c   conftest.c >&5
configure:2739: $? = 0
configure:2742: test -z 			 || test ! -s conftest.err
configure:2745: $? = 0
configure:2748: test -s conftest.o
configure:2751: $? = 0
configure:2764: result: yes
configure:2770: checking whether /usr/bin/gcc-4.0 accepts -g
configure:2791: /usr/bin/gcc-4.0 -c -g  conftest.c >&5
configure:2797: $? = 0
configure:2800: test -z 			 || test ! -s conftest.err
configure:2803: $? = 0
configure:2806: test -s conftest.o
configure:2809: $? = 0
configure:2820: result: yes
configure:2837: checking for /usr/bin/gcc-4.0 option to accept ANSI C
configure:2907: /usr/bin/gcc-4.0  -c -g -O2  conftest.c >&5
configure:2913: $? = 0
configure:2916: test -z 			 || test ! -s conftest.err
configure:2919: $? = 0
configure:2922: test -s conftest.o
configure:2925: $? = 0
configure:2943: result: none needed
configure:2961: /usr/bin/gcc-4.0 -c -g -O2  conftest.c >&5
conftest.c:2: error: syntax error before 'me'
configure:2967: $? = 1
configure: failed program was:
| #ifndef __cplusplus
|   choke me
| #endif
configure:3099: checking dependency style of /usr/bin/gcc-4.0
configure:3189: result: none
configure:3206: checking for a sed that does not truncate output
configure:3260: result: /bin/sed
configure:3263: checking for egrep
configure:3273: result: grep -E
configure:3289: checking for ld used by /usr/bin/gcc-4.0
configure:3356: result: /usr/bin/ld
configure:3365: checking if the linker (/usr/bin/ld) is GNU ld
configure:3380: result: yes
configure:3385: checking for /usr/bin/ld option to reload object files
configure:3392: result: -r
configure:3410: checking for BSD-compatible nm
configure:3459: result: /usr/bin/nm -B
configure:3463: checking whether ln -s works
configure:3467: result: yes
configure:3474: checking how to recognise dependent libraries
configure:3650: result: pass_all
configure:3886: checking how to run the C preprocessor
configure:3921: /usr/bin/gcc-4.0 -E  conftest.c
configure:3927: $? = 0
configure:3959: /usr/bin/gcc-4.0 -E  conftest.c
conftest.c:11:28: error: ac_nonexistent.h: No such file or directory
configure:3965: $? = 1
configure: failed program was:
| /* confdefs.h.  */
| 
| #define PACKAGE_NAME "geoquadtree"
| #define PACKAGE_TARNAME "geoquadtree"
| #define PACKAGE_VERSION "1.0.0"
| #define PACKAGE_STRING "geoquadtree 1.0.0"
| #define PACKAGE_BUGREPORT "geoquadtree@gmail.com"
| #define PACKAGE "geoquadtree"
| #define VERSION "1.0.0"
| /* end confdefs.h.  */
| #include <ac_nonexistent.h>
configure:4004: result: /usr/bin/gcc-4.0 -E
configure:4028: /usr/bin/gcc-4.0 -E  conftest.c
configure:4034: $? = 0
configure:4066: /usr/bin/gcc-4.0 -E  conftest.c
conftest.c:11:28: error: ac_nonexistent.h: No such file or directory
configure:4072: $? = 1
configure: failed program was:
| /* confdefs.h.  */
| 
| #define PACKAGE_NAME "geoquadtree"
| #define PACKAGE_TARNAME "geoquadtree"
| #define PACKAGE_VERSION "1.0.0"
| #define PACKAGE_STRING "geoquadtree 1.0.0"
| #define PACKAGE_BUGREPORT "geoquadtree@gmail.com"
| #define PACKAGE "geoquadtree"
| #define VERSION "1.0.0"
| /* end confdefs.h.  */
| #include <ac_nonexistent.h>
configure:4116: checking for ANSI C header files
configure:4141: /usr/bin/gcc-4.0 -c -g -O2  conftest.c >&5
configure:4147: $? = 0
configure:4150: test -z 			 || test ! -s conftest.err
configure:4153: $? = 0
configure:4156: test -s conftest.o
configure:4159: $? = 0
configure:4248: /usr/bin/gcc-4.0 -o conftest -g -O2   conftest.c  >&5
conftest.c: In function 'main':
conftest.c:28: warning: incompatible implicit declaration of built-in function 'exit'
configure:4251: $? = 0
configure:4253: ./conftest
configure:4256: $? = 0
configure:4271: result: yes
configure:4295: checking for sys/types.h
configure:4311: /usr/bin/gcc-4.0 -c -g -O2  conftest.c >&5
configure:4317: $? = 0
configure:4320: test -z 			 || test ! -s conftest.err
configure:4323: $? = 0
configure:4326: test -s conftest.o
configure:4329: $? = 0
configure:4340: result: yes
configure:4295: checking for sys/stat.h
configure:4311: /usr/bin/gcc-4.0 -c -g -O2  conftest.c >&5
configure:4317: $? = 0
configure:4320: test -z 			 || test ! -s conftest.err
configure:4323: $? = 0
configure:4326: test -s conftest.o
configure:4329: $? = 0
configure:4340: result: yes
configure:4295: checking for stdlib.h
configure:4311: /usr/bin/gcc-4.0 -c -g -O2  conftest.c >&5
configure:4317: $? = 0
configure:4320: test -z 			 || test ! -s conftest.err
configure:4323: $? = 0
configure:4326: test -s conftest.o
configure:4329: $? = 0
configure:4340: result: yes
configure:4295: checking for string.h
configure:4311: /usr/bin/gcc-4.0 -c -g -O2  conftest.c >&5
configure:4317: $? = 0
configure:4320: test -z 			 || test ! -s conftest.err
configure:4323: $? = 0
configure:4326: test -s conftest.o
configure:4329: $? = 0
configure:4340: result: yes
configure:4295: checking for memory.h
configure:4311: /usr/bin/gcc-4.0 -c -g -O2  conftest.c >&5
configure:4317: $? = 0
configure:4320: test -z 			 || test ! -s conftest.err
configure:4323: $? = 0
configure:4326: test -s conftest.o
configure:4329: $? = 0
configure:4340: result: yes
configure:4295: checking for strings.h
configure:4311: /usr/bin/gcc-4.0 -c -g -O2  conftest.c >&5
configure:4317: $? = 0
configure:4320: test -z 			 || test ! -s conftest.err
configure:4323: $? = 0
configure:4326: test -s conftest.o
configure:4329: $? = 0
configure:4340: result: yes
configure:4295: checking for inttypes.h
configure:4311: /usr/bin/gcc-4.0 -c -g -O2  conftest.c >&5
configure:4317: $? = 0
configure:4320: test -z 			 || test ! -s conftest.err
configure:4323: $? = 0
configure:4326: test -s conftest.o
configure:4329: $? = 0
configure:4340: result: yes
configure:4295: checking for stdint.h
configure:4311: /usr/bin/gcc-4.0 -c -g -O2  conftest.c >&5
configure:4317: $? = 0
configure:4320: test -z 			 || test ! -s conftest.err
configure:4323: $? = 0
configure:4326: test -s conftest.o
configure:4329: $? = 0
configure:4340: result: yes
configure:4295: checking for unistd.h
configure:4311: /usr/bin/gcc-4.0 -c -g -O2  conftest.c >&5
configure:4317: $? = 0
configure:4320: test -z 			 || test ! -s conftest.err
configure:4323: $? = 0
configure:4326: test -s conftest.o
configure:4329: $? = 0
configure:4340: result: yes
configure:4366: checking dlfcn.h usability
configure:4378: /usr/bin/gcc-4.0 -c -g -O2  conftest.c >&5
configure:4384: $? = 0
configure:4387: test -z 			 || test ! -s conftest.err
configure:4390: $? = 0
configure:4393: test -s conftest.o
configure:4396: $? = 0
configure:4406: result: yes
configure:4410: checking dlfcn.h presence
configure:4420: /usr/bin/gcc-4.0 -E  conftest.c
configure:4426: $? = 0
configure:4446: result: yes
configure:4481: checking for dlfcn.h
configure:4488: result: yes
configure:4553: checking for g++
configure:4569: found /usr/bin/g++
configure:4579: result: g++
configure:4595: checking for C++ compiler version
configure:4598: g++ --version </dev/null >&5
g++ (GCC) 4.1.2 20060928 (prerelease) (Ubuntu 4.1.1-13ubuntu5)
Copyright (C) 2006 Free Software Foundation, Inc.
This is free software; see the source for copying conditions.  There is NO
warranty; not even for MERCHANTABILITY or FITNESS FOR A PARTICULAR PURPOSE.

configure:4601: $? = 0
configure:4603: g++ -v </dev/null >&5
Using built-in specs.
Target: i486-linux-gnu
Configured with: ../src/configure -v --enable-languages=c,c++,fortran,objc,obj-c++,treelang --prefix=/usr --enable-shared --with-system-zlib --libexecdir=/usr/lib --without-included-gettext --enable-threads=posix --enable-nls --program-suffix=-4.1 --enable-__cxa_atexit --enable-clocale=gnu --enable-libstdcxx-debug --enable-mpfr --enable-checking=release i486-linux-gnu
Thread model: posix
gcc version 4.1.2 20060928 (prerelease) (Ubuntu 4.1.1-13ubuntu5)
configure:4606: $? = 0
configure:4608: g++ -V </dev/null >&5
g++: '-V' option must have argument
configure:4611: $? = 1
configure:4614: checking whether we are using the GNU C++ compiler
configure:4638: g++ -c   conftest.cc >&5
configure:4644: $? = 0
configure:4647: test -z 			 || test ! -s conftest.err
configure:4650: $? = 0
configure:4653: test -s conftest.o
configure:4656: $? = 0
configure:4669: result: yes
configure:4675: checking whether g++ accepts -g
configure:4696: g++ -c -g  conftest.cc >&5
configure:4702: $? = 0
configure:4705: test -z 			 || test ! -s conftest.err
configure:4708: $? = 0
configure:4711: test -s conftest.o
configure:4714: $? = 0
configure:4725: result: yes
configure:4767: g++ -c -g -O2  conftest.cc >&5
configure:4773: $? = 0
configure:4776: test -z 			 || test ! -s conftest.err
configure:4779: $? = 0
configure:4782: test -s conftest.o
configure:4785: $? = 0
configure:4811: g++ -c -g -O2  conftest.cc >&5
conftest.cc: In function 'int main()':
conftest.cc:26: error: 'exit' was not declared in this scope
configure:4817: $? = 1
configure: failed program was:
| /* confdefs.h.  */
| 
| #define PACKAGE_NAME "geoquadtree"
| #define PACKAGE_TARNAME "geoquadtree"
| #define PACKAGE_VERSION "1.0.0"
| #define PACKAGE_STRING "geoquadtree 1.0.0"
| #define PACKAGE_BUGREPORT "geoquadtree@gmail.com"
| #define PACKAGE "geoquadtree"
| #define VERSION "1.0.0"
| #define STDC_HEADERS 1
| #define HAVE_SYS_TYPES_H 1
| #define HAVE_SYS_STAT_H 1
| #define HAVE_STDLIB_H 1
| #define HAVE_STRING_H 1
| #define HAVE_MEMORY_H 1
| #define HAVE_STRINGS_H 1
| #define HAVE_INTTYPES_H 1
| #define HAVE_STDINT_H 1
| #define HAVE_UNISTD_H 1
| #define HAVE_DLFCN_H 1
| /* end confdefs.h.  */
| 
| int
| main ()
| {
| exit (42);
|   ;
|   return 0;
| }
configure:4767: g++ -c -g -O2  conftest.cc >&5
configure:4773: $? = 0
configure:4776: test -z 			 || test ! -s conftest.err
configure:4779: $? = 0
configure:4782: test -s conftest.o
configure:4785: $? = 0
configure:4811: g++ -c -g -O2  conftest.cc >&5
configure:4817: $? = 0
configure:4820: test -z 			 || test ! -s conftest.err
configure:4823: $? = 0
configure:4826: test -s conftest.o
configure:4829: $? = 0
configure:4854: checking dependency style of g++
configure:4944: result: none
configure:4971: checking how to run the C++ preprocessor
configure:5002: g++ -E  conftest.cc
configure:5008: $? = 0
configure:5040: g++ -E  conftest.cc
conftest.cc:25:28: error: ac_nonexistent.h: No such file or directory
configure:5046: $? = 1
configure: failed program was:
| /* confdefs.h.  */
| 
| #define PACKAGE_NAME "geoquadtree"
| #define PACKAGE_TARNAME "geoquadtree"
| #define PACKAGE_VERSION "1.0.0"
| #define PACKAGE_STRING "geoquadtree 1.0.0"
| #define PACKAGE_BUGREPORT "geoquadtree@gmail.com"
| #define PACKAGE "geoquadtree"
| #define VERSION "1.0.0"
| #define STDC_HEADERS 1
| #define HAVE_SYS_TYPES_H 1
| #define HAVE_SYS_STAT_H 1
| #define HAVE_STDLIB_H 1
| #define HAVE_STRING_H 1
| #define HAVE_MEMORY_H 1
| #define HAVE_STRINGS_H 1
| #define HAVE_INTTYPES_H 1
| #define HAVE_STDINT_H 1
| #define HAVE_UNISTD_H 1
| #define HAVE_DLFCN_H 1
| #ifdef __cplusplus
| extern "C" void std::exit (int) throw (); using std::exit;
| #endif
| /* end confdefs.h.  */
| #include <ac_nonexistent.h>
configure:5085: result: g++ -E
configure:5109: g++ -E  conftest.cc
configure:5115: $? = 0
configure:5147: g++ -E  conftest.cc
conftest.cc:25:28: error: ac_nonexistent.h: No such file or directory
configure:5153: $? = 1
configure: failed program was:
| /* confdefs.h.  */
| 
| #define PACKAGE_NAME "geoquadtree"
| #define PACKAGE_TARNAME "geoquadtree"
| #define PACKAGE_VERSION "1.0.0"
| #define PACKAGE_STRING "geoquadtree 1.0.0"
| #define PACKAGE_BUGREPORT "geoquadtree@gmail.com"
| #define PACKAGE "geoquadtree"
| #define VERSION "1.0.0"
| #define STDC_HEADERS 1
| #define HAVE_SYS_TYPES_H 1
| #define HAVE_SYS_STAT_H 1
| #define HAVE_STDLIB_H 1
| #define HAVE_STRING_H 1
| #define HAVE_MEMORY_H 1
| #define HAVE_STRINGS_H 1
| #define HAVE_INTTYPES_H 1
| #define HAVE_STDINT_H 1
| #define HAVE_UNISTD_H 1
| #define HAVE_DLFCN_H 1
| #ifdef __cplusplus
| extern "C" void std::exit (int) throw (); using std::exit;
| #endif
| /* end confdefs.h.  */
| #include <ac_nonexistent.h>
configure:5250: checking for g77
configure:5279: result: no
configure:5250: checking for f77
configure:5279: result: no
configure:5250: checking for xlf
configure:5279: result: no
configure:5250: checking for frt
configure:5279: result: no
configure:5250: checking for pgf77
configure:5279: result: no
configure:5250: checking for fort77
configure:5279: result: no
configure:5250: checking for fl32
configure:5279: result: no
configure:5250: checking for af77
configure:5279: result: no
configure:5250: checking for f90
configure:5279: result: no
configure:5250: checking for xlf90
configure:5279: result: no
configure:5250: checking for pgf90
configure:5279: result: no
configure:5250: checking for epcf90
configure:5279: result: no
configure:5250: checking for f95
configure:5279: result: no
configure:5250: checking for fort
configure:5279: result: no
configure:5250: checking for xlf95
configure:5279: result: no
configure:5250: checking for ifc
configure:5279: result: no
configure:5250: checking for efc
configure:5279: result: no
configure:5250: checking for pgf95
configure:5279: result: no
configure:5250: checking for lf95
configure:5279: result: no
configure:5250: checking for gfortran
configure:5279: result: no
configure:5291: checking for Fortran 77 compiler version
configure:5294:  --version </dev/null >&5
./configure: line 5295: --version: command not found
configure:5297: $? = 127
configure:5299:  -v </dev/null >&5
./configure: line 5300: -v: command not found
configure:5302: $? = 127
configure:5304:  -V </dev/null >&5
./configure: line 5305: -V: command not found
configure:5307: $? = 127
configure:5315: checking whether we are using the GNU Fortran 77 compiler
configure:5329:  -c  conftest.F >&5
./configure: line 5330: -c: command not found
configure:5335: $? = 127
configure: failed program was:
|       program main
| #ifndef __GNUC__
|        choke me
| #endif
| 
|       end
configure:5360: result: no
configure:5366: checking whether  accepts -g
configure:5378:  -c -g conftest.f >&5
./configure: line 5379: -c: command not found
configure:5384: $? = 127
configure: failed program was:
|       program main
| 
|       end
configure:5408: result: no
configure:5438: checking the maximum length of command line arguments
configure:5547: result: 32768
configure:5558: checking command to parse /usr/bin/nm -B output from /usr/bin/gcc-4.0 object
configure:5663: /usr/bin/gcc-4.0 -c -g -O2  conftest.c >&5
configure:5666: $? = 0
configure:5670: /usr/bin/nm -B conftest.o \| sed -n -e 's/^.*[ 	]\([ABCDGIRSTW][ABCDGIRSTW]*\)[ 	][ 	]*\([_A-Za-z][_A-Za-z0-9]*\)$/\1 \2 \2/p' \> conftest.nm
configure:5673: $? = 0
configure:5725: /usr/bin/gcc-4.0 -o conftest -g -O2   conftest.c conftstm.o >&5
configure:5728: $? = 0
configure:5766: result: ok
configure:5770: checking for objdir
configure:5785: result: .libs
configure:5875: checking for ar
configure:5891: found /usr/bin/ar
configure:5902: result: ar
configure:5955: checking for ranlib
configure:5971: found /usr/bin/ranlib
configure:5982: result: ranlib
configure:6035: checking for strip
configure:6051: found /usr/bin/strip
configure:6062: result: strip
configure:6334: checking if /usr/bin/gcc-4.0 supports -fno-rtti -fno-exceptions
configure:6352: /usr/bin/gcc-4.0 -c -g -O2  -fno-rtti -fno-exceptions conftest.c >&5
cc1: warning: command line option "-fno-rtti" is valid for C++/ObjC++ but not for C
configure:6356: $? = 0
configure:6369: result: no
configure:6384: checking for /usr/bin/gcc-4.0 option to produce PIC
configure:6594: result: -fPIC
configure:6602: checking if /usr/bin/gcc-4.0 PIC flag -fPIC works
configure:6620: /usr/bin/gcc-4.0 -c -g -O2  -fPIC -DPIC conftest.c >&5
configure:6624: $? = 0
configure:6637: result: yes
configure:6665: checking if /usr/bin/gcc-4.0 static flag -static works
configure:6693: result: yes
configure:6703: checking if /usr/bin/gcc-4.0 supports -c -o file.o
configure:6724: /usr/bin/gcc-4.0 -c -g -O2  -o out/conftest2.o conftest.c >&5
configure:6728: $? = 0
configure:6750: result: yes
configure:6776: checking whether the /usr/bin/gcc-4.0 linker (/usr/bin/ld) supports shared libraries
configure:7742: result: yes
configure:7763: checking whether -lc should be explicitly linked in
configure:7768: /usr/bin/gcc-4.0 -c -g -O2  conftest.c >&5
configure:7771: $? = 0
configure:7786: /usr/bin/gcc-4.0 -shared conftest.o  -v -Wl,-soname -Wl,conftest -o conftest 2\>\&1 \| grep  -lc  \>/dev/null 2\>\&1
configure:7789: $? = 0
configure:7801: result: no
configure:7809: checking dynamic linker characteristics
configure:8409: result: GNU/Linux ld.so
configure:8418: checking how to hardcode library paths into programs
configure:8443: result: immediate
configure:8457: checking whether stripping libraries is possible
configure:8462: result: yes
configure:9289: checking if libtool supports shared libraries
configure:9291: result: yes
configure:9294: checking whether to build shared libraries
configure:9315: result: yes
configure:9318: checking whether to build static libraries
configure:9322: result: yes
configure:9414: creating libtool
configure:10002: checking for ld used by g++
configure:10069: result: /usr/bin/ld
configure:10078: checking if the linker (/usr/bin/ld) is GNU ld
configure:10093: result: yes
configure:10144: checking whether the g++ linker (/usr/bin/ld) supports shared libraries
configure:11080: result: yes
configure:11098: g++ -c -g -O2  conftest.cpp >&5
configure:11101: $? = 0
configure:11220: checking for g++ option to produce PIC
configure:11494: result: -fPIC
configure:11502: checking if g++ PIC flag -fPIC works
configure:11520: g++ -c -g -O2  -fPIC -DPIC conftest.cpp >&5
configure:11524: $? = 0
configure:11537: result: yes
configure:11565: checking if g++ static flag -static works
configure:11593: result: yes
configure:11603: checking if g++ supports -c -o file.o
configure:11624: g++ -c -g -O2  -o out/conftest2.o conftest.cpp >&5
configure:11628: $? = 0
configure:11650: result: yes
configure:11676: checking whether the g++ linker (/usr/bin/ld) supports shared libraries
configure:11707: result: yes
configure:11774: checking dynamic linker characteristics
configure:12374: result: GNU/Linux ld.so
configure:12383: checking how to hardcode library paths into programs
configure:12408: result: immediate
configure:18647: checking for gcc
configure:18673: result: /usr/bin/gcc-4.0
configure:18917: checking for C compiler version
configure:18920: /usr/bin/gcc-4.0 --version </dev/null >&5
gcc-4.0 (GCC) 4.0.4 20060630 (prerelease) (Ubuntu 4.0.3-4)
Copyright (C) 2006 Free Software Foundation, Inc.
This is free software; see the source for copying conditions.  There is NO
warranty; not even for MERCHANTABILITY or FITNESS FOR A PARTICULAR PURPOSE.

configure:18923: $? = 0
configure:18925: /usr/bin/gcc-4.0 -v </dev/null >&5
Using built-in specs.
Target: i486-linux-gnu
Configured with: ../src/configure -v --enable-languages=c,c++,java,f95 --prefix=/usr --enable-shared --with-system-zlib --libexecdir=/usr/lib --without-included-gettext --enable-threads=posix --enable-nls --program-suffix=-4.0 --enable-__cxa_atexit --enable-clocale=gnu --enable-libstdcxx-debug --enable-java-awt=gtk-default --enable-gtk-cairo --with-java-home=/usr/lib/jvm/java-1.4.2-gcj-4.0-1.4.2.0/jre --enable-mpfr --with-tune=pentium4 --enable-checking=release i486-linux-gnu
Thread model: posix
gcc version 4.0.4 20060630 (prerelease) (Ubuntu 4.0.3-4)
configure:18928: $? = 0
configure:18930: /usr/bin/gcc-4.0 -V </dev/null >&5
gcc-4.0: '-V' option must have argument
configure:18933: $? = 1
configure:18936: checking whether we are using the GNU C compiler
configure:18991: result: yes
configure:18997: checking whether /usr/bin/gcc-4.0 accepts -g
configure:19047: result: yes
configure:19064: checking for /usr/bin/gcc-4.0 option to accept ANSI C
configure:19170: result: none needed
configure:19188: /usr/bin/gcc-4.0 -c -g -O2  conftest.c >&5
conftest.c:2: error: syntax error before 'me'
configure:19194: $? = 1
configure: failed program was:
| #ifndef __cplusplus
|   choke me
| #endif
configure:19326: checking dependency style of /usr/bin/gcc-4.0
configure:19416: result: none
configure:19436: checking for GDALOpen in -lgdal
configure:19466: /usr/bin/gcc-4.0 -o conftest -g -O2   conftest.c -lgdal   >&5
configure:19472: $? = 0
configure:19475: test -z 			 || test ! -s conftest.err
configure:19478: $? = 0
configure:19481: test -s conftest
configure:19484: $? = 0
configure:19497: result: yes
configure:19513: checking for XTIFFOpen in -lgeotiff
configure:19543: /usr/bin/gcc-4.0 -o conftest -g -O2   conftest.c -lgeotiff  -lgdal  >&5
configure:19549: $? = 0
configure:19552: test -z 			 || test ! -s conftest.err
configure:19555: $? = 0
configure:19558: test -s conftest
configure:19561: $? = 0
configure:19574: result: yes
configure:19590: checking for jpeg_stdio_src in -ljpeg
configure:19620: /usr/bin/gcc-4.0 -o conftest -g -O2   conftest.c -ljpeg  -lgeotiff -lgdal  >&5
configure:19626: $? = 0
configure:19629: test -z 			 || test ! -s conftest.err
configure:19632: $? = 0
configure:19635: test -s conftest
configure:19638: $? = 0
configure:19651: result: yes
configure:19667: checking for png_create_read_struct in -lpng
configure:19697: /usr/bin/gcc-4.0 -o conftest -g -O2   conftest.c -lpng  -ljpeg -lgeotiff -lgdal  >&5
configure:19703: $? = 0
configure:19706: test -z 			 || test ! -s conftest.err
configure:19709: $? = 0
configure:19712: test -s conftest
configure:19715: $? = 0
configure:19728: result: yes
configure:19745: checking for ANSI C header files
configure:19900: result: yes
configure:19917: checking for stdlib.h
configure:19922: result: yes
configure:19917: checking for string.h
configure:19922: result: yes
configure:19917: checking for unistd.h
configure:19922: result: yes
configure:20071: checking fastcgi.h usability
configure:20083: /usr/bin/gcc-4.0 -c -g -O2  conftest.c >&5
configure:20089: $? = 0
configure:20092: test -z 			 || test ! -s conftest.err
configure:20095: $? = 0
configure:20098: test -s conftest.o
configure:20101: $? = 0
configure:20111: result: yes
configure:20115: checking fastcgi.h presence
configure:20125: /usr/bin/gcc-4.0 -E  conftest.c
configure:20131: $? = 0
configure:20151: result: yes
configure:20186: checking for fastcgi.h
configure:20193: result: yes
configure:20208: checking for an ANSI C-conforming const
configure:20275: /usr/bin/gcc-4.0 -c -g -O2  conftest.c >&5
configure:20281: $? = 0
configure:20284: test -z 			 || test ! -s conftest.err
configure:20287: $? = 0
configure:20290: test -s conftest.o
configure:20293: $? = 0
configure:20304: result: yes
configure:20321: checking for stdlib.h
configure:20326: result: yes
configure:20465: checking for GNU libc compatible malloc
configure:20494: /usr/bin/gcc-4.0 -o conftest -g -O2   conftest.c -lpng -ljpeg -lgeotiff -lgdal  >&5
configure:20497: $? = 0
configure:20499: ./conftest
./conftest: error while loading shared libraries: libgeotiff.so: cannot open shared object file: No such file or directory
configure:20502: $? = 127
configure: program exited with status 127
configure: failed program was:
| /* confdefs.h.  */
| 
| #define PACKAGE_NAME "geoquadtree"
| #define PACKAGE_TARNAME "geoquadtree"
| #define PACKAGE_VERSION "1.0.0"
| #define PACKAGE_STRING "geoquadtree 1.0.0"
| #define PACKAGE_BUGREPORT "geoquadtree@gmail.com"
| #define PACKAGE "geoquadtree"
| #define VERSION "1.0.0"
| #define STDC_HEADERS 1
| #define HAVE_SYS_TYPES_H 1
| #define HAVE_SYS_STAT_H 1
| #define HAVE_STDLIB_H 1
| #define HAVE_STRING_H 1
| #define HAVE_MEMORY_H 1
| #define HAVE_STRINGS_H 1
| #define HAVE_INTTYPES_H 1
| #define HAVE_STDINT_H 1
| #define HAVE_UNISTD_H 1
| #define HAVE_DLFCN_H 1
| #ifdef __cplusplus
| extern "C" void std::exit (int) throw (); using std::exit;
| #endif
| #define HAVE_LIBGDAL 1
| #define HAVE_LIBGEOTIFF 1
| #define HAVE_LIBJPEG 1
| #define HAVE_LIBPNG 1
| #define STDC_HEADERS 1
| #define HAVE_STDLIB_H 1
| #define HAVE_STRING_H 1
| #define HAVE_UNISTD_H 1
| #define HAVE_STDLIB_H 1
| /* end confdefs.h.  */
| #if STDC_HEADERS || HAVE_STDLIB_H
| # include <stdlib.h>
| #else
| char *malloc ();
| #endif
| 
| int
| main ()
| {
| exit (malloc (0) ? 0 : 1);
|   ;
|   return 0;
| }
configure:20516: result: no
configure:20546: checking whether lstat dereferences a symlink specified with a trailing slash
configure:20577: /usr/bin/gcc-4.0 -o conftest -g -O2   conftest.c -lpng -ljpeg -lgeotiff -lgdal  >&5
configure:20580: $? = 0
configure:20582: ./conftest
./conftest: error while loading shared libraries: libgeotiff.so: cannot open shared object file: No such file or directory
configure:20585: $? = 127
configure: program exited with status 127
configure: failed program was:
| /* confdefs.h.  */
| 
| #define PACKAGE_NAME "geoquadtree"
| #define PACKAGE_TARNAME "geoquadtree"
| #define PACKAGE_VERSION "1.0.0"
| #define PACKAGE_STRING "geoquadtree 1.0.0"
| #define PACKAGE_BUGREPORT "geoquadtree@gmail.com"
| #define PACKAGE "geoquadtree"
| #define VERSION "1.0.0"
| #define STDC_HEADERS 1
| #define HAVE_SYS_TYPES_H 1
| #define HAVE_SYS_STAT_H 1
| #define HAVE_STDLIB_H 1
| #define HAVE_STRING_H 1
| #define HAVE_MEMORY_H 1
| #define HAVE_STRINGS_H 1
| #define HAVE_INTTYPES_H 1
| #define HAVE_STDINT_H 1
| #define HAVE_UNISTD_H 1
| #define HAVE_DLFCN_H 1
| #ifdef __cplusplus
| extern "C" void std::exit (int) throw (); using std::exit;
| #endif
| #define HAVE_LIBGDAL 1
| #define HAVE_LIBGEOTIFF 1
| #define HAVE_LIBJPEG 1
| #define HAVE_LIBPNG 1
| #define STDC_HEADERS 1
| #define HAVE_STDLIB_H 1
| #define HAVE_STRING_H 1
| #define HAVE_UNISTD_H 1
| #define HAVE_STDLIB_H 1
| #define HAVE_MALLOC 0
| #define malloc rpl_malloc
| /* end confdefs.h.  */
| #include <stdio.h>
| #if HAVE_SYS_TYPES_H
| # include <sys/types.h>
| #endif
| #if HAVE_SYS_STAT_H
| # include <sys/stat.h>
| #endif
| #if STDC_HEADERS
| # include <stdlib.h>
| # include <stddef.h>
| #else
| # if HAVE_STDLIB_H
| #  include <stdlib.h>
| # endif
| #endif
| #if HAVE_STRING_H
| # if !STDC_HEADERS && HAVE_MEMORY_H
| #  include <memory.h>
| # endif
| # include <string.h>
| #endif
| #if HAVE_STRINGS_H
| # include <strings.h>
| #endif
| #if HAVE_INTTYPES_H
| # include <inttypes.h>
| #else
| # if HAVE_STDINT_H
| #  include <stdint.h>
| # endif
| #endif
| #if HAVE_UNISTD_H
| # include <unistd.h>
| #endif
| int
| main ()
| {
| struct stat sbuf;
|      /* Linux will dereference the symlink and fail.
| 	That is better in the sense that it means we will not
| 	have to compile and use the lstat wrapper.  */
|      exit (lstat ("conftest.sym/", &sbuf) ? 0 : 1);
|   ;
|   return 0;
| }
configure:20606: result: no
configure:20627: checking whether stat accepts an empty string
configure:20652: /usr/bin/gcc-4.0 -o conftest -g -O2   conftest.c -lpng -ljpeg -lgeotiff -lgdal  >&5
configure:20655: $? = 0
configure:20657: ./conftest
./conftest: error while loading shared libraries: libgeotiff.so: cannot open shared object file: No such file or directory
configure:20660: $? = 127
configure: program exited with status 127
configure: failed program was:
| /* confdefs.h.  */
| 
| #define PACKAGE_NAME "geoquadtree"
| #define PACKAGE_TARNAME "geoquadtree"
| #define PACKAGE_VERSION "1.0.0"
| #define PACKAGE_STRING "geoquadtree 1.0.0"
| #define PACKAGE_BUGREPORT "geoquadtree@gmail.com"
| #define PACKAGE "geoquadtree"
| #define VERSION "1.0.0"
| #define STDC_HEADERS 1
| #define HAVE_SYS_TYPES_H 1
| #define HAVE_SYS_STAT_H 1
| #define HAVE_STDLIB_H 1
| #define HAVE_STRING_H 1
| #define HAVE_MEMORY_H 1
| #define HAVE_STRINGS_H 1
| #define HAVE_INTTYPES_H 1
| #define HAVE_STDINT_H 1
| #define HAVE_UNISTD_H 1
| #define HAVE_DLFCN_H 1
| #ifdef __cplusplus
| extern "C" void std::exit (int) throw (); using std::exit;
| #endif
| #define HAVE_LIBGDAL 1
| #define HAVE_LIBGEOTIFF 1
| #define HAVE_LIBJPEG 1
| #define HAVE_LIBPNG 1
| #define STDC_HEADERS 1
| #define HAVE_STDLIB_H 1
| #define HAVE_STRING_H 1
| #define HAVE_UNISTD_H 1
| #define HAVE_STDLIB_H 1
| #define HAVE_MALLOC 0
| #define malloc rpl_malloc
| /* end confdefs.h.  */
| #include <stdio.h>
| #if HAVE_SYS_TYPES_H
| # include <sys/types.h>
| #endif
| #if HAVE_SYS_STAT_H
| # include <sys/stat.h>
| #endif
| #if STDC_HEADERS
| # include <stdlib.h>
| # include <stddef.h>
| #else
| # if HAVE_STDLIB_H
| #  include <stdlib.h>
| # endif
| #endif
| #if HAVE_STRING_H
| # if !STDC_HEADERS && HAVE_MEMORY_H
| #  include <memory.h>
| # endif
| # include <string.h>
| #endif
| #if HAVE_STRINGS_H
| # include <strings.h>
| #endif
| #if HAVE_INTTYPES_H
| # include <inttypes.h>
| #else
| # if HAVE_STDINT_H
| #  include <stdint.h>
| # endif
| #endif
| #if HAVE_UNISTD_H
| # include <unistd.h>
| #endif
| int
| main ()
| {
| struct stat sbuf;
|   exit (stat ("", &sbuf) ? 1 : 0);
|   ;
|   return 0;
| }
configure:20674: result: no
configure:20698: checking for mkdir
configure:20755: /usr/bin/gcc-4.0 -o conftest -g -O2   conftest.c -lpng -ljpeg -lgeotiff -lgdal  >&5
configure:20761: $? = 0
configure:20764: test -z 			 || test ! -s conftest.err
configure:20767: $? = 0
configure:20770: test -s conftest
configure:20773: $? = 0
configure:20785: result: yes
configure:20698: checking for strcasecmp
configure:20755: /usr/bin/gcc-4.0 -o conftest -g -O2   conftest.c -lpng -ljpeg -lgeotiff -lgdal  >&5
configure:20761: $? = 0
configure:20764: test -z 			 || test ! -s conftest.err
configure:20767: $? = 0
configure:20770: test -s conftest
configure:20773: $? = 0
configure:20785: result: yes
configure:20698: checking for strncasecmp
configure:20755: /usr/bin/gcc-4.0 -o conftest -g -O2   conftest.c -lpng -ljpeg -lgeotiff -lgdal  >&5
configure:20761: $? = 0
configure:20764: test -z 			 || test ! -s conftest.err
configure:20767: $? = 0
configure:20770: test -s conftest
configure:20773: $? = 0
configure:20785: result: yes
configure:20868: creating ./config.status

## ---------------------- ##
## Running config.status. ##
## ---------------------- ##

This file was extended by geoquadtree config.status 1.0.0, which was
generated by GNU Autoconf 2.59.  Invocation command line was

  CONFIG_FILES    = 
  CONFIG_HEADERS  = 
  CONFIG_LINKS    = 
  CONFIG_COMMANDS = 
  $ ./config.status 

on jordi

config.status:753: creating Makefile
config.status:819: creating config.h
config.status:955: config.h is unchanged
config.status:1135: executing depfiles commands

## ---------------- ##
## Cache variables. ##
## ---------------- ##

ac_cv_build=i686-pc-linux-gnu
ac_cv_build_alias=i686-pc-linux-gnu
ac_cv_c_compiler_gnu=yes
ac_cv_c_const=yes
ac_cv_cxx_compiler_gnu=yes
ac_cv_env_CC_set=set
ac_cv_env_CC_value=/usr/bin/gcc-4.0
ac_cv_env_CFLAGS_set=
ac_cv_env_CFLAGS_value=
ac_cv_env_CPPFLAGS_set=
ac_cv_env_CPPFLAGS_value=
ac_cv_env_CPP_set=
ac_cv_env_CPP_value=
ac_cv_env_CXXCPP_set=
ac_cv_env_CXXCPP_value=
ac_cv_env_CXXFLAGS_set=
ac_cv_env_CXXFLAGS_value=
ac_cv_env_CXX_set=
ac_cv_env_CXX_value=
ac_cv_env_F77_set=
ac_cv_env_F77_value=
ac_cv_env_FFLAGS_set=
ac_cv_env_FFLAGS_value=
ac_cv_env_LDFLAGS_set=
ac_cv_env_LDFLAGS_value=
ac_cv_env_build_alias_set=
ac_cv_env_build_alias_value=
ac_cv_env_host_alias_set=
ac_cv_env_host_alias_value=
ac_cv_env_target_alias_set=
ac_cv_env_target_alias_value=
ac_cv_exeext=
ac_cv_f77_compiler_gnu=no
ac_cv_func_lstat_dereferences_slashed_symlink=no
ac_cv_func_malloc_0_nonnull=no
ac_cv_func_mkdir=yes
ac_cv_func_stat_empty_string_bug=no
ac_cv_func_strcasecmp=yes
ac_cv_func_strncasecmp=yes
ac_cv_header_dlfcn_h=yes
ac_cv_header_fastcgi_h=yes
ac_cv_header_inttypes_h=yes
ac_cv_header_memory_h=yes
ac_cv_header_stdc=yes
ac_cv_header_stdint_h=yes
ac_cv_header_stdlib_h=yes
ac_cv_header_string_h=yes
ac_cv_header_strings_h=yes
ac_cv_header_sys_stat_h=yes
ac_cv_header_sys_types_h=yes
ac_cv_header_unistd_h=yes
ac_cv_host=i686-pc-linux-gnu
ac_cv_host_alias=i686-pc-linux-gnu
ac_cv_lib_gdal_GDALOpen=yes
ac_cv_lib_geotiff_XTIFFOpen=yes
ac_cv_lib_jpeg_jpeg_stdio_src=yes
ac_cv_lib_png_png_create_read_struct=yes
ac_cv_objext=o
ac_cv_path_install='/usr/bin/install -c'
ac_cv_prog_AWK=mawk
ac_cv_prog_CPP='/usr/bin/gcc-4.0 -E'
ac_cv_prog_CXXCPP='g++ -E'
ac_cv_prog_ac_ct_AR=ar
ac_cv_prog_ac_ct_CC=/usr/bin/gcc-4.0
ac_cv_prog_ac_ct_CXX=g++
ac_cv_prog_ac_ct_RANLIB=ranlib
ac_cv_prog_ac_ct_STRIP=strip
ac_cv_prog_cc_g=yes
ac_cv_prog_cc_stdc=
ac_cv_prog_cxx_g=yes
ac_cv_prog_egrep='grep -E'
ac_cv_prog_f77_g=no
ac_cv_prog_make_make_set=yes
am_cv_CC_dependencies_compiler_type=none
am_cv_CXX_dependencies_compiler_type=none
lt_cv_deplibs_check_method=pass_all
lt_cv_file_magic_cmd='$MAGIC_CMD'
lt_cv_file_magic_test_file=
lt_cv_ld_reload_flag=-r
lt_cv_objdir=.libs
lt_cv_path_LD=/usr/bin/ld
lt_cv_path_LDCXX=/usr/bin/ld
lt_cv_path_NM='/usr/bin/nm -B'
lt_cv_path_SED=/bin/sed
lt_cv_prog_compiler_c_o=yes
lt_cv_prog_compiler_c_o_CXX=yes
lt_cv_prog_compiler_rtti_exceptions=no
lt_cv_prog_gnu_ld=yes
lt_cv_prog_gnu_ldcxx=yes
lt_cv_sys_global_symbol_pipe='sed -n -e '\''s/^.*[ 	]\([ABCDGIRSTW][ABCDGIRSTW]*\)[ 	][ 	]*\([_A-Za-z][_A-Za-z0-9]*\)$/\1 \2 \2/p'\'''
lt_cv_sys_global_symbol_to_c_name_address='sed -n -e '\''s/^: \([^ ]*\) $/  {\"\1\", (lt_ptr) 0},/p'\'' -e '\''s/^[BCDEGRST] \([^ ]*\) \([^ ]*\)$/  {"\2", (lt_ptr) \&\2},/p'\'''
lt_cv_sys_global_symbol_to_cdecl='sed -n -e '\''s/^. .* \(.*\)$/extern int \1;/p'\'''
lt_cv_sys_max_cmd_len=32768
lt_lt_cv_prog_compiler_c_o='"yes"'
lt_lt_cv_prog_compiler_c_o_CXX='"yes"'
lt_lt_cv_sys_global_symbol_pipe='"sed -n -e '\''s/^.*[ 	]\\([ABCDGIRSTW][ABCDGIRSTW]*\\)[ 	][ 	]*\\([_A-Za-z][_A-Za-z0-9]*\\)\$/\\1 \\2 \\2/p'\''"'
lt_lt_cv_sys_global_symbol_to_c_name_address='"sed -n -e '\''s/^: \\([^ ]*\\) \$/  {\\\"\\1\\\", (lt_ptr) 0},/p'\'' -e '\''s/^[BCDEGRST] \\([^ ]*\\) \\([^ ]*\\)\$/  {\"\\2\", (lt_ptr) \\&\\2},/p'\''"'
lt_lt_cv_sys_global_symbol_to_cdecl='"sed -n -e '\''s/^. .* \\(.*\\)\$/extern int \\1;/p'\''"'

## ----------------- ##
## Output variables. ##
## ----------------- ##

ACLOCAL='aclocal-1.9'
AMDEPBACKSLASH='\'
AMDEP_FALSE='#'
AMDEP_TRUE=''
AMTAR='tar'
AR='ar'
AUTOCONF='autoconf'
AUTOHEADER='autoheader'
AUTOMAKE='automake-1.9'
AWK='mawk'
CC='/usr/bin/gcc-4.0'
CCDEPMODE='depmode=none'
CFLAGS='-g -O2'
CPP='/usr/bin/gcc-4.0 -E'
CPPFLAGS=''
CXX='g++'
CXXCPP='g++ -E'
CXXDEPMODE='depmode=none'
CXXFLAGS='-g -O2'
CYGPATH_W='echo'
DEFS='-DHAVE_CONFIG_H'
DEPDIR='.deps'
ECHO='echo'
ECHO_C=''
ECHO_N='-n'
ECHO_T=''
EGREP='grep -E'
EXEEXT=''
F77=''
FFLAGS=''
INSTALL_DATA='${INSTALL} -m 644'
INSTALL_PROGRAM='${INSTALL}'
INSTALL_SCRIPT='${INSTALL}'
INSTALL_STRIP_PROGRAM='${SHELL} $(install_sh) -c -s'
LDFLAGS=''
LIBOBJS=' malloc$U.o lstat$U.o'
LIBS='-lpng -ljpeg -lgeotiff -lgdal '
LIBTOOL='$(SHELL) $(top_builddir)/libtool'
LN_S='ln -s'
LTLIBOBJS=' malloc$U.lo lstat$U.lo'
MAKEINFO='makeinfo'
OBJEXT='o'
PACKAGE='geoquadtree'
PACKAGE_BUGREPORT='geoquadtree@gmail.com'
PACKAGE_NAME='geoquadtree'
PACKAGE_STRING='geoquadtree 1.0.0'
PACKAGE_TARNAME='geoquadtree'
PACKAGE_VERSION='1.0.0'
PATH_SEPARATOR=':'
RANLIB='ranlib'
SET_MAKE=''
SHELL='/bin/bash'
STRIP='strip'
VERSION='1.0.0'
ac_ct_AR='ar'
ac_ct_CC='/usr/bin/gcc-4.0'
ac_ct_CXX='g++'
ac_ct_F77=''
ac_ct_RANLIB='ranlib'
ac_ct_STRIP='strip'
am__fastdepCC_FALSE=''
am__fastdepCC_TRUE='#'
am__fastdepCXX_FALSE=''
am__fastdepCXX_TRUE='#'
am__include='include'
am__leading_dot='.'
am__quote=''
am__tar='${AMTAR} chof - "$$tardir"'
am__untar='${AMTAR} xf -'
bindir='${exec_prefix}/bin'
build='i686-pc-linux-gnu'
build_alias=''
build_cpu='i686'
build_os='linux-gnu'
build_vendor='pc'
datadir='${prefix}/share'
exec_prefix='${prefix}'
host='i686-pc-linux-gnu'
host_alias=''
host_cpu='i686'
host_os='linux-gnu'
host_vendor='pc'
includedir='${prefix}/include'
infodir='${prefix}/info'
install_sh='/home/jordi/geoquadtree/svn/install-sh'
libdir='${exec_prefix}/lib'
libexecdir='${exec_prefix}/libexec'
localstatedir='${prefix}/var'
mandir='${prefix}/man'
mkdir_p='mkdir -p --'
oldincludedir='/usr/include'
prefix='/usr/local'
program_transform_name='s,x,x,'
sbindir='${exec_prefix}/sbin'
sharedstatedir='${prefix}/com'
sysconfdir='${prefix}/etc'
target_alias=''

## ----------- ##
## confdefs.h. ##
## ----------- ##

#define HAVE_DLFCN_H 1
#define HAVE_INTTYPES_H 1
#define HAVE_LIBGDAL 1
#define HAVE_LIBGEOTIFF 1
#define HAVE_LIBJPEG 1
#define HAVE_LIBPNG 1
#define HAVE_MALLOC 0
#define HAVE_MEMORY_H 1
#define HAVE_MKDIR 1
#define HAVE_STDINT_H 1
#define HAVE_STDLIB_H 1
#define HAVE_STDLIB_H 1
#define HAVE_STDLIB_H 1
#define HAVE_STRCASECMP 1
#define HAVE_STRINGS_H 1
#define HAVE_STRING_H 1
#define HAVE_STRING_H 1
#define HAVE_STRNCASECMP 1
#define HAVE_SYS_STAT_H 1
#define HAVE_SYS_TYPES_H 1
#define HAVE_UNISTD_H 1
#define HAVE_UNISTD_H 1
#define PACKAGE "geoquadtree"
#define PACKAGE_BUGREPORT "geoquadtree@gmail.com"
#define PACKAGE_NAME "geoquadtree"
#define PACKAGE_STRING "geoquadtree 1.0.0"
#define PACKAGE_TARNAME "geoquadtree"
#define PACKAGE_VERSION "1.0.0"
#define STDC_HEADERS 1
#define STDC_HEADERS 1
#define VERSION "1.0.0"
#define malloc rpl_malloc
#endif
#ifdef __cplusplus
extern "C" void std::exit (int) throw (); using std::exit;

configure: exit 0
